2022-02-24 15:11:46.2939|INFO|SupportBank.FileReader|Loading line 01/01/2014,Jon A,Sarah T,Pokemon Training,7.8 from file C:\Training\SupportBank\Transactions2014.csv
2022-02-24 15:11:46.3483|INFO|SupportBank.FileReader|Loading line 04/01/2014,Stephen S,Tim L,Lunch,4.37 from file C:\Training\SupportBank\Transactions2014.csv
2022-02-24 15:11:46.3483|INFO|SupportBank.FileReader|Loading line 08/01/2014,Laura B,Stephen S,Lunch,5.09 from file C:\Training\SupportBank\Transactions2014.csv
2022-02-24 15:11:46.3483|INFO|SupportBank.FileReader|Loading line 11/01/2014,Rob S,Ben B,Misc Morale,7.8 from file C:\Training\SupportBank\Transactions2014.csv
2022-02-24 15:11:46.3483|INFO|SupportBank.FileReader|Loading line 14/01/2014,Stephen S,Ben B,Beers,7.36 from file C:\Training\SupportBank\Transactions2014.csv
2022-02-24 15:11:46.3483|INFO|SupportBank.FileReader|Loading line 15/01/2014,Sam N,Stephen S,Spline Reticulation,11.63 from file C:\Training\SupportBank\Transactions2014.csv
2022-02-24 15:11:46.3483|INFO|SupportBank.FileReader|Loading line 19/01/2014,Stephen S,Gergana I,Beers,5.88 from file C:\Training\SupportBank\Transactions2014.csv
2022-02-24 15:11:46.3483|INFO|SupportBank.FileReader|Loading line 20/01/2014,Sam N,Stephen S,Beers,8.2 from file C:\Training\SupportBank\Transactions2014.csv
2022-02-24 15:11:46.3483|INFO|SupportBank.FileReader|Loading line 24/01/2014,Laura B,Sam N,Coffee,11.68 from file C:\Training\SupportBank\Transactions2014.csv
2022-02-24 15:11:46.3641|INFO|SupportBank.FileReader|Loading line 28/01/2014,Todd,Ben B,Coffee,6.81 from file C:\Training\SupportBank\Transactions2014.csv
2022-02-24 15:11:46.3641|INFO|SupportBank.FileReader|Loading line 31/01/2014,Sam N,Gergana I,Services Rendered,6.29 from file C:\Training\SupportBank\Transactions2014.csv
2022-02-24 15:11:46.3641|INFO|SupportBank.FileReader|Loading line 01/02/2014,Todd,Ben B,Snooker Night,6.87 from file C:\Training\SupportBank\Transactions2014.csv
2022-02-24 15:11:46.3846|INFO|SupportBank.FileReader|Loading line 04/02/2014,Chris W,Ben B,Spline Reticulation,6.03 from file C:\Training\SupportBank\Transactions2014.csv
2022-02-24 15:11:46.3846|INFO|SupportBank.FileReader|Loading line 05/02/2014,Todd,Rob S,Sandbox Help,5.62 from file C:\Training\SupportBank\Transactions2014.csv
2022-02-24 15:11:46.3954|INFO|SupportBank.FileReader|Loading line 07/02/2014,Jon A,Sam N,Beers,1.65 from file C:\Training\SupportBank\Transactions2014.csv
2022-02-24 15:11:46.3954|INFO|SupportBank.FileReader|Loading line 10/02/2014,Dan W,Sam N,Lunch,0.93 from file C:\Training\SupportBank\Transactions2014.csv
2022-02-24 15:11:46.3954|INFO|SupportBank.FileReader|Loading line 14/02/2014,Laura B,Stephen S,Snooker Night,10.78 from file C:\Training\SupportBank\Transactions2014.csv
2022-02-24 15:11:46.4130|INFO|SupportBank.FileReader|Loading line 15/02/2014,Stephen S,Gergana I,Rails Consultancy,6.91 from file C:\Training\SupportBank\Transactions2014.csv
2022-02-24 15:11:46.4130|INFO|SupportBank.FileReader|Loading line 18/02/2014,Sarah T,Sam N,Spline Reticulation,1.6 from file C:\Training\SupportBank\Transactions2014.csv
2022-02-24 15:11:46.4130|INFO|SupportBank.FileReader|Loading line 22/02/2014,Tim L,Sam N,Pokemon Training,5.2 from file C:\Training\SupportBank\Transactions2014.csv
2022-02-24 15:11:46.4313|INFO|SupportBank.FileReader|Loading line 25/02/2014,Todd,Rob S,Automated Testing Services,7.1 from file C:\Training\SupportBank\Transactions2014.csv
2022-02-24 15:11:46.4313|INFO|SupportBank.FileReader|Loading line 27/02/2014,Ben B,Rob S,Snooker Night,8.41 from file C:\Training\SupportBank\Transactions2014.csv
2022-02-24 15:11:46.4434|INFO|SupportBank.FileReader|Loading line 01/03/2014,Stephen S,Jon A,Coffee,8.75 from file C:\Training\SupportBank\Transactions2014.csv
2022-02-24 15:11:46.4434|INFO|SupportBank.FileReader|Loading line 03/03/2014,Sam N,Gergana I,Lunch,8.76 from file C:\Training\SupportBank\Transactions2014.csv
2022-02-24 15:11:46.4653|INFO|SupportBank.FileReader|Loading line 07/03/2014,Todd,Laura B,Pokemon Training,9.39 from file C:\Training\SupportBank\Transactions2014.csv
2022-02-24 15:11:46.4758|INFO|SupportBank.FileReader|Loading line 10/03/2014,Todd,Gergana I,Sandbox Help,1.62 from file C:\Training\SupportBank\Transactions2014.csv
2022-02-24 15:11:46.4883|INFO|SupportBank.FileReader|Loading line 14/03/2014,Sarah T,Ben B,Spline Reticulation,2.1 from file C:\Training\SupportBank\Transactions2014.csv
2022-02-24 15:11:46.4883|INFO|SupportBank.FileReader|Loading line 17/03/2014,Sarah T,Stephen S,Beers,0.66 from file C:\Training\SupportBank\Transactions2014.csv
2022-02-24 15:11:46.5139|INFO|SupportBank.FileReader|Loading line 20/03/2014,Tim L,Sarah T,Lego Assistance,2.28 from file C:\Training\SupportBank\Transactions2014.csv
2022-02-24 15:11:46.5233|INFO|SupportBank.FileReader|Loading line 22/03/2014,Rob S,Tim L,Misc Morale,1.95 from file C:\Training\SupportBank\Transactions2014.csv
2022-02-24 15:11:46.5386|INFO|SupportBank.FileReader|Loading line 23/03/2014,Jon A,Sam N,Lunch,8.49 from file C:\Training\SupportBank\Transactions2014.csv
2022-02-24 15:11:46.5386|INFO|SupportBank.FileReader|Loading line 27/03/2014,Ben B,Sam N,Misc Morale,10.76 from file C:\Training\SupportBank\Transactions2014.csv
2022-02-24 15:11:46.5658|INFO|SupportBank.FileReader|Loading line 29/03/2014,Todd,Sarah T,Git-Fu Rendered,5.01 from file C:\Training\SupportBank\Transactions2014.csv
2022-02-24 15:11:46.5658|INFO|SupportBank.FileReader|Loading line 30/03/2014,Dan W,Laura B,Lunch,4.77 from file C:\Training\SupportBank\Transactions2014.csv
2022-02-24 15:11:46.5843|INFO|SupportBank.FileReader|Loading line 01/04/2014,Sam N,Laura B,Lunch,2.87 from file C:\Training\SupportBank\Transactions2014.csv
2022-02-24 15:11:46.5843|INFO|SupportBank.FileReader|Loading line 04/04/2014,Todd,Ben B,Rails Consultancy,10.85 from file C:\Training\SupportBank\Transactions2014.csv
2022-02-24 15:11:46.5995|INFO|SupportBank.FileReader|Loading line 06/04/2014,Jon A,Stephen S,Beers,8.91 from file C:\Training\SupportBank\Transactions2014.csv
2022-02-24 15:11:46.5995|INFO|SupportBank.FileReader|Loading line 08/04/2014,Stephen S,Sam N,Lego Assistance,2.96 from file C:\Training\SupportBank\Transactions2014.csv
2022-02-24 15:11:46.6210|INFO|SupportBank.FileReader|Loading line 09/04/2014,Ben B,Rob S,Coffee,1.31 from file C:\Training\SupportBank\Transactions2014.csv
2022-02-24 15:11:46.6529|INFO|SupportBank.FileReader|Loading line 10/04/2014,Todd,Sarah T,Snooker Night,3.55 from file C:\Training\SupportBank\Transactions2014.csv
2022-02-24 15:11:46.6661|INFO|SupportBank.FileReader|Loading line 11/04/2014,Todd,Laura B,Coffee,3.72 from file C:\Training\SupportBank\Transactions2014.csv
2022-02-24 15:11:46.6862|INFO|SupportBank.FileReader|Loading line 15/04/2014,Rob S,Sam N,Snooker Night,8.86 from file C:\Training\SupportBank\Transactions2014.csv
2022-02-24 15:11:46.6968|INFO|SupportBank.FileReader|Loading line 19/04/2014,Ben B,Gergana I,Lunch,7.61 from file C:\Training\SupportBank\Transactions2014.csv
2022-02-24 15:11:46.7305|INFO|SupportBank.FileReader|Loading line 20/04/2014,Dan W,Gergana I,Beers,11.92 from file C:\Training\SupportBank\Transactions2014.csv
2022-02-24 15:11:46.7552|INFO|SupportBank.FileReader|Loading line 23/04/2014,Stephen S,Rob S,Poker Winnings,3.41 from file C:\Training\SupportBank\Transactions2014.csv
2022-02-24 15:11:46.8025|INFO|SupportBank.FileReader|Loading line 24/04/2014,Tim L,Dan W,Misc Morale,6.38 from file C:\Training\SupportBank\Transactions2014.csv
2022-02-24 15:11:46.8025|INFO|SupportBank.FileReader|Loading line 26/04/2014,Todd,Tim L,Lunch,1.46 from file C:\Training\SupportBank\Transactions2014.csv
2022-02-24 15:11:46.8179|INFO|SupportBank.FileReader|Loading line 30/04/2014,Laura B,Ben B,Golf Bets,5.77 from file C:\Training\SupportBank\Transactions2014.csv
2022-02-24 15:11:46.8179|INFO|SupportBank.FileReader|Loading line 03/05/2014,Jon A,Gergana I,Rails Consultancy,10.51 from file C:\Training\SupportBank\Transactions2014.csv
2022-02-24 15:11:46.8358|INFO|SupportBank.FileReader|Loading line 05/05/2014,Dan W,Sarah T,Stationary Items,5.06 from file C:\Training\SupportBank\Transactions2014.csv
2022-02-24 15:11:46.8799|INFO|SupportBank.FileReader|Loading line 06/05/2014,Tim L,Chris W,Audit and Other Financial Services,7.45 from file C:\Training\SupportBank\Transactions2014.csv
2022-02-24 15:11:46.9528|INFO|SupportBank.FileReader|Loading line 10/05/2014,Laura B,Todd,Lego Assistance,10.63 from file C:\Training\SupportBank\Transactions2014.csv
2022-02-24 15:11:47.0043|INFO|SupportBank.FileReader|Loading line 13/05/2014,Tim L,Ben B,Coffee,5.89 from file C:\Training\SupportBank\Transactions2014.csv
2022-02-24 15:11:47.0242|INFO|SupportBank.FileReader|Loading line 17/05/2014,Rob S,Sarah T,Misc Morale,3.61 from file C:\Training\SupportBank\Transactions2014.csv
2022-02-24 15:11:47.0384|INFO|SupportBank.FileReader|Loading line 19/05/2014,Jon A,Todd,Beers,9.04 from file C:\Training\SupportBank\Transactions2014.csv
2022-02-24 15:11:47.0384|INFO|SupportBank.FileReader|Loading line 22/05/2014,Tim L,Todd,Coffee,3.81 from file C:\Training\SupportBank\Transactions2014.csv
2022-02-24 15:11:47.0523|INFO|SupportBank.FileReader|Loading line 24/05/2014,Sam N,Tim L,Sandcastle Help,8.8 from file C:\Training\SupportBank\Transactions2014.csv
2022-02-24 15:11:47.0523|INFO|SupportBank.FileReader|Loading line 26/05/2014,Ben B,Laura B,Lunch,7.36 from file C:\Training\SupportBank\Transactions2014.csv
2022-02-24 15:11:47.0685|INFO|SupportBank.FileReader|Loading line 30/05/2014,Laura B,Todd,Lunch,7.01 from file C:\Training\SupportBank\Transactions2014.csv
2022-02-24 15:11:47.0685|INFO|SupportBank.FileReader|Loading line 31/05/2014,Tim L,Ben B,Coffee,8.23 from file C:\Training\SupportBank\Transactions2014.csv
2022-02-24 15:11:47.0685|INFO|SupportBank.FileReader|Loading line 01/06/2014,Tim L,Stephen S,Rails Consultancy,5.2 from file C:\Training\SupportBank\Transactions2014.csv
2022-02-24 15:11:47.0820|INFO|SupportBank.FileReader|Loading line 05/06/2014,Dan W,Gergana I,Spline Reticulation,5.61 from file C:\Training\SupportBank\Transactions2014.csv
2022-02-24 15:11:47.0820|INFO|SupportBank.FileReader|Loading line 09/06/2014,Sarah T,Stephen S,Lego Assistance,11.5 from file C:\Training\SupportBank\Transactions2014.csv
2022-02-24 15:11:47.0820|INFO|SupportBank.FileReader|Loading line 11/06/2014,Stephen S,Sam N,Lego Assistance,5.14 from file C:\Training\SupportBank\Transactions2014.csv
2022-02-24 15:11:47.0820|INFO|SupportBank.FileReader|Loading line 14/06/2014,Todd,Sam N,Lego Assistance,6.3 from file C:\Training\SupportBank\Transactions2014.csv
2022-02-24 15:11:47.0994|INFO|SupportBank.FileReader|Loading line 16/06/2014,Stephen S,Dan W,Lunch,4.79 from file C:\Training\SupportBank\Transactions2014.csv
2022-02-24 15:11:47.1173|INFO|SupportBank.FileReader|Loading line 20/06/2014,Ben B,Chris W,Rails Consultancy,1.34 from file C:\Training\SupportBank\Transactions2014.csv
2022-02-24 15:11:47.1280|INFO|SupportBank.FileReader|Loading line 22/06/2014,Tim L,Stephen S,Coffee,6.44 from file C:\Training\SupportBank\Transactions2014.csv
2022-02-24 15:11:47.1972|INFO|SupportBank.FileReader|Loading line 23/06/2014,Stephen S,Ben B,Spline Reticulation,11.85 from file C:\Training\SupportBank\Transactions2014.csv
2022-02-24 15:11:47.2540|INFO|SupportBank.FileReader|Loading line 26/06/2014,Chris W,Todd,Beers,9.81 from file C:\Training\SupportBank\Transactions2014.csv
2022-02-24 15:11:47.2540|INFO|SupportBank.FileReader|Loading line 28/06/2014,Sarah T,Gergana I,Beers,4.03 from file C:\Training\SupportBank\Transactions2014.csv
2022-02-24 15:11:47.2778|INFO|SupportBank.FileReader|Loading line 29/06/2014,Chris W,Laura B,Jenkins Fees,8.7 from file C:\Training\SupportBank\Transactions2014.csv
2022-02-24 15:11:47.2982|INFO|SupportBank.FileReader|Loading line 01/07/2014,Rob S,Jon A,Lunch,2.67 from file C:\Training\SupportBank\Transactions2014.csv
2022-02-24 15:11:47.3130|INFO|SupportBank.FileReader|Loading line 02/07/2014,Stephen S,Dan W,Lego Assistance,2.9 from file C:\Training\SupportBank\Transactions2014.csv
2022-02-24 15:11:47.3484|INFO|SupportBank.FileReader|Loading line 06/07/2014,Sam N,Jon A,Beers,4.37 from file C:\Training\SupportBank\Transactions2014.csv
2022-02-24 15:11:47.3484|INFO|SupportBank.FileReader|Loading line 09/07/2014,Dan W,Tim L,Misc Morale,5.45 from file C:\Training\SupportBank\Transactions2014.csv
2022-02-24 15:11:47.3713|INFO|SupportBank.FileReader|Loading line 11/07/2014,Dan W,Sarah T,Misc Morale,5.05 from file C:\Training\SupportBank\Transactions2014.csv
2022-02-24 15:11:47.3839|INFO|SupportBank.FileReader|Loading line 14/07/2014,Gergana I,Sam N,Coffee,10.92 from file C:\Training\SupportBank\Transactions2014.csv
2022-02-24 15:11:47.3839|INFO|SupportBank.FileReader|Loading line 16/07/2014,Jon A,Dan W,Coffee,11.75 from file C:\Training\SupportBank\Transactions2014.csv
2022-02-24 15:11:47.4179|INFO|SupportBank.FileReader|Loading line 18/07/2014,Gergana I,Stephen S,Snooker Night,11.57 from file C:\Training\SupportBank\Transactions2014.csv
2022-02-24 15:11:47.4416|INFO|SupportBank.FileReader|Loading line 22/07/2014,Sarah T,Ben B,Coffee,11.56 from file C:\Training\SupportBank\Transactions2014.csv
2022-02-24 15:11:47.4416|INFO|SupportBank.FileReader|Loading line 23/07/2014,Rob S,Tim L,Lego Assistance,11.47 from file C:\Training\SupportBank\Transactions2014.csv
2022-02-24 15:11:47.4699|INFO|SupportBank.FileReader|Loading line 25/07/2014,Laura B,Stephen S,Poker Winnings,9.42 from file C:\Training\SupportBank\Transactions2014.csv
2022-02-24 15:11:47.4879|INFO|SupportBank.FileReader|Loading line 28/07/2014,Gergana I,Chris W,Pokemon Training,2.33 from file C:\Training\SupportBank\Transactions2014.csv
2022-02-24 15:11:47.5049|INFO|SupportBank.FileReader|Loading line 29/07/2014,Jon A,Sam N,Lunch,5.31 from file C:\Training\SupportBank\Transactions2014.csv
2022-02-24 15:11:47.5049|INFO|SupportBank.FileReader|Loading line 01/08/2014,Sam N,Gergana I,Coffee,2.72 from file C:\Training\SupportBank\Transactions2014.csv
2022-02-24 15:11:47.5203|INFO|SupportBank.FileReader|Loading line 03/08/2014,Laura B,Rob S,Rails Consultancy,6.26 from file C:\Training\SupportBank\Transactions2014.csv
2022-02-24 15:11:47.5203|INFO|SupportBank.FileReader|Loading line 04/08/2014,Gergana I,Ben B,Coffee,7.81 from file C:\Training\SupportBank\Transactions2014.csv
2022-02-24 15:11:47.5347|INFO|SupportBank.FileReader|Loading line 08/08/2014,Tim L,Laura B,Coffee,3.76 from file C:\Training\SupportBank\Transactions2014.csv
2022-02-24 15:11:47.5347|INFO|SupportBank.FileReader|Loading line 11/08/2014,Stephen S,Rob S,Lunch,8.91 from file C:\Training\SupportBank\Transactions2014.csv
2022-02-24 15:11:47.5631|INFO|SupportBank.FileReader|Loading line 13/08/2014,Sarah T,Todd,Beers,8.25 from file C:\Training\SupportBank\Transactions2014.csv
2022-02-24 15:11:47.5793|INFO|SupportBank.FileReader|Loading line 14/08/2014,Chris W,Tim L,Misc Morale,6.59 from file C:\Training\SupportBank\Transactions2014.csv
2022-02-24 15:11:47.6226|INFO|SupportBank.FileReader|Loading line 18/08/2014,Jon A,Tim L,Lego Assistance,7.22 from file C:\Training\SupportBank\Transactions2014.csv
2022-02-24 15:11:47.6304|INFO|SupportBank.FileReader|Loading line 21/08/2014,Ben B,Gergana I,Rails Consultancy,9.25 from file C:\Training\SupportBank\Transactions2014.csv
2022-02-24 15:11:47.6304|INFO|SupportBank.FileReader|Loading line 22/08/2014,Chris W,Sam N,Golf Bets,1.9 from file C:\Training\SupportBank\Transactions2014.csv
2022-02-24 15:11:47.6304|INFO|SupportBank.FileReader|Loading line 23/08/2014,Ben B,Stephen S,Lunch,5.02 from file C:\Training\SupportBank\Transactions2014.csv
2022-02-24 15:11:47.6496|INFO|SupportBank.FileReader|Loading line 24/08/2014,Laura B,Stephen S,Audit and Other Financial Services,7.45 from file C:\Training\SupportBank\Transactions2014.csv
2022-02-24 15:11:47.6496|INFO|SupportBank.FileReader|Loading line 25/08/2014,Gergana I,Stephen S,Beers,8.57 from file C:\Training\SupportBank\Transactions2014.csv
2022-02-24 15:11:47.6627|INFO|SupportBank.FileReader|Loading line 28/08/2014,Laura B,Tim L,Beers,0.57 from file C:\Training\SupportBank\Transactions2014.csv
2022-02-24 15:11:47.6627|INFO|SupportBank.FileReader|Loading line 29/08/2014,Ben B,Chris W,Lunch,1.66 from file C:\Training\SupportBank\Transactions2014.csv
2022-02-24 15:11:47.6771|INFO|SupportBank.FileReader|Loading line 01/09/2014,Sam N,Gergana I,Pokemon Training,9.41 from file C:\Training\SupportBank\Transactions2014.csv
2022-02-24 15:11:47.7024|INFO|SupportBank.FileReader|Loading line 03/09/2014,Jon A,Tim L,Lunch,8.13 from file C:\Training\SupportBank\Transactions2014.csv
2022-02-24 15:11:47.7144|INFO|SupportBank.FileReader|Loading line 06/09/2014,Dan W,Todd,Lunch,1.8 from file C:\Training\SupportBank\Transactions2014.csv
2022-02-24 15:11:47.7144|INFO|SupportBank.FileReader|Loading line 09/09/2014,Todd,Dan W,Audit and Other Financial Services,3.93 from file C:\Training\SupportBank\Transactions2014.csv
2022-02-24 15:11:47.7685|INFO|SupportBank.FileReader|Loading line 12/09/2014,Laura B,Jon A,Git-Fu Rendered,3.11 from file C:\Training\SupportBank\Transactions2014.csv
2022-02-24 15:11:47.7716|INFO|SupportBank.FileReader|Loading line 16/09/2014,Gergana I,Rob S,Golf Bets,1.28 from file C:\Training\SupportBank\Transactions2014.csv
2022-02-24 15:11:47.7864|INFO|SupportBank.FileReader|Loading line 20/09/2014,Jon A,Ben B,Beers,3.71 from file C:\Training\SupportBank\Transactions2014.csv
2022-02-24 15:11:47.7864|INFO|SupportBank.FileReader|Loading line 24/09/2014,Jon A,Laura B,Golf Bets,5.61 from file C:\Training\SupportBank\Transactions2014.csv
2022-02-24 15:11:47.7864|INFO|SupportBank.FileReader|Loading line 27/09/2014,Sarah T,Dan W,Beers,11.6 from file C:\Training\SupportBank\Transactions2014.csv
2022-02-24 15:11:47.8060|INFO|SupportBank.FileReader|Loading line 29/09/2014,Ben B,Tim L,Misc Morale,3.43 from file C:\Training\SupportBank\Transactions2014.csv
2022-02-24 15:11:47.8163|INFO|SupportBank.FileReader|Loading line 30/09/2014,Jon A,Dan W,Sandbox Help,9.26 from file C:\Training\SupportBank\Transactions2014.csv
2022-02-24 15:11:47.8355|INFO|SupportBank.FileReader|Loading line 04/10/2014,Ben B,Todd,Lunch,11.28 from file C:\Training\SupportBank\Transactions2014.csv
2022-02-24 15:11:47.8355|INFO|SupportBank.FileReader|Loading line 06/10/2014,Sarah T,Tim L,Spline Reticulation,7.44 from file C:\Training\SupportBank\Transactions2014.csv
2022-02-24 15:11:47.8355|INFO|SupportBank.FileReader|Loading line 10/10/2014,Ben B,Gergana I,Beers,3.98 from file C:\Training\SupportBank\Transactions2014.csv
2022-02-24 15:11:47.8544|INFO|SupportBank.FileReader|Loading line 14/10/2014,Ben B,Gergana I,Coffee,11.65 from file C:\Training\SupportBank\Transactions2014.csv
2022-02-24 15:11:47.8723|INFO|SupportBank.FileReader|Loading line 18/10/2014,Gergana I,Rob S,Jenkins Fees,5.47 from file C:\Training\SupportBank\Transactions2014.csv
2022-02-24 15:11:47.9025|INFO|SupportBank.FileReader|Loading line 19/10/2014,Dan W,Sam N,Automated Testing Services,8 from file C:\Training\SupportBank\Transactions2014.csv
2022-02-24 15:11:47.9201|INFO|SupportBank.FileReader|Loading line 22/10/2014,Dan W,Sam N,Beers,0.55 from file C:\Training\SupportBank\Transactions2014.csv
2022-02-24 15:11:47.9201|INFO|SupportBank.FileReader|Loading line 23/10/2014,Jon A,Dan W,Lunch,2.37 from file C:\Training\SupportBank\Transactions2014.csv
2022-02-24 15:11:47.9699|INFO|SupportBank.FileReader|Loading line 25/10/2014,Laura B,Todd,Beers,8.42 from file C:\Training\SupportBank\Transactions2014.csv
2022-02-24 15:11:47.9790|INFO|SupportBank.FileReader|Loading line 28/10/2014,Gergana I,Dan W,Misc Morale,5.04 from file C:\Training\SupportBank\Transactions2014.csv
2022-02-24 15:11:47.9790|INFO|SupportBank.FileReader|Loading line 29/10/2014,Dan W,Ben B,Rails Consultancy,5.87 from file C:\Training\SupportBank\Transactions2014.csv
2022-02-24 15:11:47.9894|INFO|SupportBank.FileReader|Loading line 30/10/2014,Chris W,Gergana I,Jenkins Fees,8.9 from file C:\Training\SupportBank\Transactions2014.csv
2022-02-24 15:11:48.0076|INFO|SupportBank.FileReader|Loading line 02/11/2014,Sarah T,Tim L,Lego Assistance,4.67 from file C:\Training\SupportBank\Transactions2014.csv
2022-02-24 15:11:48.0288|INFO|SupportBank.FileReader|Loading line 04/11/2014,Chris W,Rob S,Sandbox Help,6.15 from file C:\Training\SupportBank\Transactions2014.csv
2022-02-24 15:11:48.0288|INFO|SupportBank.FileReader|Loading line 07/11/2014,Rob S,Ben B,Rails Consultancy,3 from file C:\Training\SupportBank\Transactions2014.csv
2022-02-24 15:11:48.0445|INFO|SupportBank.FileReader|Loading line 09/11/2014,Sam N,Laura B,Beers,7.76 from file C:\Training\SupportBank\Transactions2014.csv
2022-02-24 15:11:48.0445|INFO|SupportBank.FileReader|Loading line 11/11/2014,Jon A,Ben B,Stationary Items,0.73 from file C:\Training\SupportBank\Transactions2014.csv
2022-02-24 15:11:48.0525|INFO|SupportBank.FileReader|Loading line 14/11/2014,Sam N,Dan W,Spline Reticulation,0.8 from file C:\Training\SupportBank\Transactions2014.csv
2022-02-24 15:11:48.0525|INFO|SupportBank.FileReader|Loading line 18/11/2014,Sam N,Chris W,Golf Bets,6.44 from file C:\Training\SupportBank\Transactions2014.csv
2022-02-24 15:11:48.0687|INFO|SupportBank.FileReader|Loading line 19/11/2014,Laura B,Jon A,Coffee,2.61 from file C:\Training\SupportBank\Transactions2014.csv
2022-02-24 15:11:48.0687|INFO|SupportBank.FileReader|Loading line 21/11/2014,Chris W,Todd,Lego Assistance,1.42 from file C:\Training\SupportBank\Transactions2014.csv
2022-02-24 15:11:48.0687|INFO|SupportBank.FileReader|Loading line 23/11/2014,Todd,Sarah T,Beers,2.24 from file C:\Training\SupportBank\Transactions2014.csv
2022-02-24 15:11:48.0874|INFO|SupportBank.FileReader|Loading line 25/11/2014,Chris W,Rob S,Pokemon Training,5.76 from file C:\Training\SupportBank\Transactions2014.csv
2022-02-24 15:11:48.1046|INFO|SupportBank.FileReader|Loading line 28/11/2014,Tim L,Dan W,Beers,8.76 from file C:\Training\SupportBank\Transactions2014.csv
2022-02-24 15:11:48.1182|INFO|SupportBank.FileReader|Loading line 02/12/2014,Jon A,Sam N,Pokemon Training,11.04 from file C:\Training\SupportBank\Transactions2014.csv
2022-02-24 15:11:48.1335|INFO|SupportBank.FileReader|Loading line 06/12/2014,Gergana I,Rob S,Lego Assistance,5.64 from file C:\Training\SupportBank\Transactions2014.csv
2022-02-24 15:11:48.1335|INFO|SupportBank.FileReader|Loading line 09/12/2014,Jon A,Chris W,Pokemon Training,2.26 from file C:\Training\SupportBank\Transactions2014.csv
2022-02-24 15:11:48.1517|INFO|SupportBank.FileReader|Loading line 12/12/2014,Dan W,Tim L,Coffee,4.5 from file C:\Training\SupportBank\Transactions2014.csv
2022-02-24 15:11:48.1517|INFO|SupportBank.FileReader|Loading line 14/12/2014,Gergana I,Laura B,Lunch,4.26 from file C:\Training\SupportBank\Transactions2014.csv
2022-02-24 15:11:48.2055|INFO|SupportBank.FileReader|Loading line 16/12/2014,Todd,Tim L,Poker Winnings,7.17 from file C:\Training\SupportBank\Transactions2014.csv
2022-02-24 15:11:48.2167|INFO|SupportBank.FileReader|Loading line 18/12/2014,Chris W,Ben B,Coffee,11.17 from file C:\Training\SupportBank\Transactions2014.csv
2022-02-24 15:11:48.2167|INFO|SupportBank.FileReader|Loading line 20/12/2014,Rob S,Gergana I,Lunch,1.07 from file C:\Training\SupportBank\Transactions2014.csv
2022-02-24 15:11:48.2221|INFO|SupportBank.FileReader|Loading line 21/12/2014,Gergana I,Laura B,Pokemon Training,6.86 from file C:\Training\SupportBank\Transactions2014.csv
2022-02-24 15:11:48.2441|INFO|SupportBank.FileReader|Loading line 22/12/2014,Dan W,Jon A,Lunch,3.66 from file C:\Training\SupportBank\Transactions2014.csv
2022-02-24 15:11:48.2788|INFO|SupportBank.FileReader|Loading line 25/12/2014,Todd,Rob S,Lego Assistance,1.86 from file C:\Training\SupportBank\Transactions2014.csv
2022-02-24 15:11:48.3230|INFO|SupportBank.FileReader|Loading line 28/12/2014,Ben B,Laura B,Coffee,1.44 from file C:\Training\SupportBank\Transactions2014.csv
2022-02-24 15:11:48.3378|INFO|SupportBank.FileReader|Loading line 29/12/2014,Ben B,Sam N,Coffee,5.26 from file C:\Training\SupportBank\Transactions2014.csv
2022-02-24 15:16:59.7588|INFO|SupportBank.FileReader|Loading line 01/01/2014,Jon A,Sarah T,Pokemon Training,7.8 from file C:\Training\SupportBank\Transactions2014.csv
2022-02-24 15:16:59.8023|INFO|SupportBank.FileReader|Loading line 04/01/2014,Stephen S,Tim L,Lunch,4.37 from file C:\Training\SupportBank\Transactions2014.csv
2022-02-24 15:16:59.8023|INFO|SupportBank.FileReader|Loading line 08/01/2014,Laura B,Stephen S,Lunch,5.09 from file C:\Training\SupportBank\Transactions2014.csv
2022-02-24 15:16:59.8023|INFO|SupportBank.FileReader|Loading line 11/01/2014,Rob S,Ben B,Misc Morale,7.8 from file C:\Training\SupportBank\Transactions2014.csv
2022-02-24 15:16:59.8023|INFO|SupportBank.FileReader|Loading line 14/01/2014,Stephen S,Ben B,Beers,7.36 from file C:\Training\SupportBank\Transactions2014.csv
2022-02-24 15:16:59.8023|INFO|SupportBank.FileReader|Loading line 15/01/2014,Sam N,Stephen S,Spline Reticulation,11.63 from file C:\Training\SupportBank\Transactions2014.csv
2022-02-24 15:16:59.8023|INFO|SupportBank.FileReader|Loading line 19/01/2014,Stephen S,Gergana I,Beers,5.88 from file C:\Training\SupportBank\Transactions2014.csv
2022-02-24 15:16:59.8023|INFO|SupportBank.FileReader|Loading line 20/01/2014,Sam N,Stephen S,Beers,8.2 from file C:\Training\SupportBank\Transactions2014.csv
2022-02-24 15:16:59.8171|INFO|SupportBank.FileReader|Loading line 24/01/2014,Laura B,Sam N,Coffee,11.68 from file C:\Training\SupportBank\Transactions2014.csv
2022-02-24 15:16:59.8171|INFO|SupportBank.FileReader|Loading line 28/01/2014,Todd,Ben B,Coffee,6.81 from file C:\Training\SupportBank\Transactions2014.csv
2022-02-24 15:16:59.8171|INFO|SupportBank.FileReader|Loading line 31/01/2014,Sam N,Gergana I,Services Rendered,6.29 from file C:\Training\SupportBank\Transactions2014.csv
2022-02-24 15:16:59.8171|INFO|SupportBank.FileReader|Loading line 01/02/2014,Todd,Ben B,Snooker Night,6.87 from file C:\Training\SupportBank\Transactions2014.csv
2022-02-24 15:16:59.8171|INFO|SupportBank.FileReader|Loading line 04/02/2014,Chris W,Ben B,Spline Reticulation,6.03 from file C:\Training\SupportBank\Transactions2014.csv
2022-02-24 15:16:59.8344|INFO|SupportBank.FileReader|Loading line 05/02/2014,Todd,Rob S,Sandbox Help,5.62 from file C:\Training\SupportBank\Transactions2014.csv
2022-02-24 15:16:59.8344|INFO|SupportBank.FileReader|Loading line 07/02/2014,Jon A,Sam N,Beers,1.65 from file C:\Training\SupportBank\Transactions2014.csv
2022-02-24 15:16:59.8883|INFO|SupportBank.FileReader|Loading line 10/02/2014,Dan W,Sam N,Lunch,0.93 from file C:\Training\SupportBank\Transactions2014.csv
2022-02-24 15:16:59.8991|INFO|SupportBank.FileReader|Loading line 14/02/2014,Laura B,Stephen S,Snooker Night,10.78 from file C:\Training\SupportBank\Transactions2014.csv
2022-02-24 15:16:59.8991|INFO|SupportBank.FileReader|Loading line 15/02/2014,Stephen S,Gergana I,Rails Consultancy,6.91 from file C:\Training\SupportBank\Transactions2014.csv
2022-02-24 15:16:59.9161|INFO|SupportBank.FileReader|Loading line 18/02/2014,Sarah T,Sam N,Spline Reticulation,1.6 from file C:\Training\SupportBank\Transactions2014.csv
2022-02-24 15:16:59.9161|INFO|SupportBank.FileReader|Loading line 22/02/2014,Tim L,Sam N,Pokemon Training,5.2 from file C:\Training\SupportBank\Transactions2014.csv
2022-02-24 15:16:59.9258|INFO|SupportBank.FileReader|Loading line 25/02/2014,Todd,Rob S,Automated Testing Services,7.1 from file C:\Training\SupportBank\Transactions2014.csv
2022-02-24 15:16:59.9258|INFO|SupportBank.FileReader|Loading line 27/02/2014,Ben B,Rob S,Snooker Night,8.41 from file C:\Training\SupportBank\Transactions2014.csv
2022-02-24 15:16:59.9258|INFO|SupportBank.FileReader|Loading line 01/03/2014,Stephen S,Jon A,Coffee,8.75 from file C:\Training\SupportBank\Transactions2014.csv
2022-02-24 15:16:59.9258|INFO|SupportBank.FileReader|Loading line 03/03/2014,Sam N,Gergana I,Lunch,8.76 from file C:\Training\SupportBank\Transactions2014.csv
2022-02-24 15:16:59.9258|INFO|SupportBank.FileReader|Loading line 07/03/2014,Todd,Laura B,Pokemon Training,9.39 from file C:\Training\SupportBank\Transactions2014.csv
2022-02-24 15:16:59.9454|INFO|SupportBank.FileReader|Loading line 10/03/2014,Todd,Gergana I,Sandbox Help,1.62 from file C:\Training\SupportBank\Transactions2014.csv
2022-02-24 15:16:59.9454|INFO|SupportBank.FileReader|Loading line 14/03/2014,Sarah T,Ben B,Spline Reticulation,2.1 from file C:\Training\SupportBank\Transactions2014.csv
2022-02-24 15:16:59.9626|INFO|SupportBank.FileReader|Loading line 17/03/2014,Sarah T,Stephen S,Beers,0.66 from file C:\Training\SupportBank\Transactions2014.csv
2022-02-24 15:16:59.9626|INFO|SupportBank.FileReader|Loading line 20/03/2014,Tim L,Sarah T,Lego Assistance,2.28 from file C:\Training\SupportBank\Transactions2014.csv
2022-02-24 15:16:59.9773|INFO|SupportBank.FileReader|Loading line 22/03/2014,Rob S,Tim L,Misc Morale,1.95 from file C:\Training\SupportBank\Transactions2014.csv
2022-02-24 15:16:59.9773|INFO|SupportBank.FileReader|Loading line 23/03/2014,Jon A,Sam N,Lunch,8.49 from file C:\Training\SupportBank\Transactions2014.csv
2022-02-24 15:16:59.9773|INFO|SupportBank.FileReader|Loading line 27/03/2014,Ben B,Sam N,Misc Morale,10.76 from file C:\Training\SupportBank\Transactions2014.csv
2022-02-24 15:16:59.9890|INFO|SupportBank.FileReader|Loading line 29/03/2014,Todd,Sarah T,Git-Fu Rendered,5.01 from file C:\Training\SupportBank\Transactions2014.csv
2022-02-24 15:16:59.9890|INFO|SupportBank.FileReader|Loading line 30/03/2014,Dan W,Laura B,Lunch,4.77 from file C:\Training\SupportBank\Transactions2014.csv
2022-02-24 15:16:59.9890|INFO|SupportBank.FileReader|Loading line 01/04/2014,Sam N,Laura B,Lunch,2.87 from file C:\Training\SupportBank\Transactions2014.csv
2022-02-24 15:16:59.9890|INFO|SupportBank.FileReader|Loading line 04/04/2014,Todd,Ben B,Rails Consultancy,10.85 from file C:\Training\SupportBank\Transactions2014.csv
2022-02-24 15:16:59.9890|INFO|SupportBank.FileReader|Loading line 06/04/2014,Jon A,Stephen S,Beers,8.91 from file C:\Training\SupportBank\Transactions2014.csv
2022-02-24 15:17:00.0139|INFO|SupportBank.FileReader|Loading line 08/04/2014,Stephen S,Sam N,Lego Assistance,2.96 from file C:\Training\SupportBank\Transactions2014.csv
2022-02-24 15:17:00.0663|INFO|SupportBank.FileReader|Loading line 09/04/2014,Ben B,Rob S,Coffee,1.31 from file C:\Training\SupportBank\Transactions2014.csv
2022-02-24 15:17:00.0755|INFO|SupportBank.FileReader|Loading line 10/04/2014,Todd,Sarah T,Snooker Night,3.55 from file C:\Training\SupportBank\Transactions2014.csv
2022-02-24 15:17:00.1252|INFO|SupportBank.FileReader|Loading line 11/04/2014,Todd,Laura B,Coffee,3.72 from file C:\Training\SupportBank\Transactions2014.csv
2022-02-24 15:17:00.1445|INFO|SupportBank.FileReader|Loading line 15/04/2014,Rob S,Sam N,Snooker Night,8.86 from file C:\Training\SupportBank\Transactions2014.csv
2022-02-24 15:17:00.1661|INFO|SupportBank.FileReader|Loading line 19/04/2014,Ben B,Gergana I,Lunch,7.61 from file C:\Training\SupportBank\Transactions2014.csv
2022-02-24 15:17:00.1661|INFO|SupportBank.FileReader|Loading line 20/04/2014,Dan W,Gergana I,Beers,11.92 from file C:\Training\SupportBank\Transactions2014.csv
2022-02-24 15:17:00.1824|INFO|SupportBank.FileReader|Loading line 23/04/2014,Stephen S,Rob S,Poker Winnings,3.41 from file C:\Training\SupportBank\Transactions2014.csv
2022-02-24 15:17:00.1963|INFO|SupportBank.FileReader|Loading line 24/04/2014,Tim L,Dan W,Misc Morale,6.38 from file C:\Training\SupportBank\Transactions2014.csv
2022-02-24 15:17:00.2106|INFO|SupportBank.FileReader|Loading line 26/04/2014,Todd,Tim L,Lunch,1.46 from file C:\Training\SupportBank\Transactions2014.csv
2022-02-24 15:17:00.2352|INFO|SupportBank.FileReader|Loading line 30/04/2014,Laura B,Ben B,Golf Bets,5.77 from file C:\Training\SupportBank\Transactions2014.csv
2022-02-24 15:17:00.2442|INFO|SupportBank.FileReader|Loading line 03/05/2014,Jon A,Gergana I,Rails Consultancy,10.51 from file C:\Training\SupportBank\Transactions2014.csv
2022-02-24 15:17:00.2676|INFO|SupportBank.FileReader|Loading line 05/05/2014,Dan W,Sarah T,Stationary Items,5.06 from file C:\Training\SupportBank\Transactions2014.csv
2022-02-24 15:17:00.2789|INFO|SupportBank.FileReader|Loading line 06/05/2014,Tim L,Chris W,Audit and Other Financial Services,7.45 from file C:\Training\SupportBank\Transactions2014.csv
2022-02-24 15:17:00.2920|INFO|SupportBank.FileReader|Loading line 10/05/2014,Laura B,Todd,Lego Assistance,10.63 from file C:\Training\SupportBank\Transactions2014.csv
2022-02-24 15:17:00.2920|INFO|SupportBank.FileReader|Loading line 13/05/2014,Tim L,Ben B,Coffee,5.89 from file C:\Training\SupportBank\Transactions2014.csv
2022-02-24 15:17:00.2920|INFO|SupportBank.FileReader|Loading line 17/05/2014,Rob S,Sarah T,Misc Morale,3.61 from file C:\Training\SupportBank\Transactions2014.csv
2022-02-24 15:17:00.2920|INFO|SupportBank.FileReader|Loading line 19/05/2014,Jon A,Todd,Beers,9.04 from file C:\Training\SupportBank\Transactions2014.csv
2022-02-24 15:17:00.3084|INFO|SupportBank.FileReader|Loading line 22/05/2014,Tim L,Todd,Coffee,3.81 from file C:\Training\SupportBank\Transactions2014.csv
2022-02-24 15:17:00.3084|INFO|SupportBank.FileReader|Loading line 24/05/2014,Sam N,Tim L,Sandcastle Help,8.8 from file C:\Training\SupportBank\Transactions2014.csv
2022-02-24 15:17:00.3377|INFO|SupportBank.FileReader|Loading line 26/05/2014,Ben B,Laura B,Lunch,7.36 from file C:\Training\SupportBank\Transactions2014.csv
2022-02-24 15:17:00.3487|INFO|SupportBank.FileReader|Loading line 30/05/2014,Laura B,Todd,Lunch,7.01 from file C:\Training\SupportBank\Transactions2014.csv
2022-02-24 15:17:00.3694|INFO|SupportBank.FileReader|Loading line 31/05/2014,Tim L,Ben B,Coffee,8.23 from file C:\Training\SupportBank\Transactions2014.csv
2022-02-24 15:17:00.4014|INFO|SupportBank.FileReader|Loading line 01/06/2014,Tim L,Stephen S,Rails Consultancy,5.2 from file C:\Training\SupportBank\Transactions2014.csv
2022-02-24 15:17:00.4014|INFO|SupportBank.FileReader|Loading line 05/06/2014,Dan W,Gergana I,Spline Reticulation,5.61 from file C:\Training\SupportBank\Transactions2014.csv
2022-02-24 15:17:00.4153|INFO|SupportBank.FileReader|Loading line 09/06/2014,Sarah T,Stephen S,Lego Assistance,11.5 from file C:\Training\SupportBank\Transactions2014.csv
2022-02-24 15:17:00.4273|INFO|SupportBank.FileReader|Loading line 11/06/2014,Stephen S,Sam N,Lego Assistance,5.14 from file C:\Training\SupportBank\Transactions2014.csv
2022-02-24 15:17:00.4273|INFO|SupportBank.FileReader|Loading line 14/06/2014,Todd,Sam N,Lego Assistance,6.3 from file C:\Training\SupportBank\Transactions2014.csv
2022-02-24 15:17:00.4468|INFO|SupportBank.FileReader|Loading line 16/06/2014,Stephen S,Dan W,Lunch,4.79 from file C:\Training\SupportBank\Transactions2014.csv
2022-02-24 15:17:00.4639|INFO|SupportBank.FileReader|Loading line 20/06/2014,Ben B,Chris W,Rails Consultancy,1.34 from file C:\Training\SupportBank\Transactions2014.csv
2022-02-24 15:17:00.4744|INFO|SupportBank.FileReader|Loading line 22/06/2014,Tim L,Stephen S,Coffee,6.44 from file C:\Training\SupportBank\Transactions2014.csv
2022-02-24 15:17:00.4957|INFO|SupportBank.FileReader|Loading line 23/06/2014,Stephen S,Ben B,Spline Reticulation,11.85 from file C:\Training\SupportBank\Transactions2014.csv
2022-02-24 15:17:00.5101|INFO|SupportBank.FileReader|Loading line 26/06/2014,Chris W,Todd,Beers,9.81 from file C:\Training\SupportBank\Transactions2014.csv
2022-02-24 15:17:00.5207|INFO|SupportBank.FileReader|Loading line 28/06/2014,Sarah T,Gergana I,Beers,4.03 from file C:\Training\SupportBank\Transactions2014.csv
2022-02-24 15:17:00.5207|INFO|SupportBank.FileReader|Loading line 29/06/2014,Chris W,Laura B,Jenkins Fees,8.7 from file C:\Training\SupportBank\Transactions2014.csv
2022-02-24 15:17:00.5207|INFO|SupportBank.FileReader|Loading line 01/07/2014,Rob S,Jon A,Lunch,2.67 from file C:\Training\SupportBank\Transactions2014.csv
2022-02-24 15:17:00.5388|INFO|SupportBank.FileReader|Loading line 02/07/2014,Stephen S,Dan W,Lego Assistance,2.9 from file C:\Training\SupportBank\Transactions2014.csv
2022-02-24 15:17:00.5388|INFO|SupportBank.FileReader|Loading line 06/07/2014,Sam N,Jon A,Beers,4.37 from file C:\Training\SupportBank\Transactions2014.csv
2022-02-24 15:17:00.5900|INFO|SupportBank.FileReader|Loading line 09/07/2014,Dan W,Tim L,Misc Morale,5.45 from file C:\Training\SupportBank\Transactions2014.csv
2022-02-24 15:17:00.6014|INFO|SupportBank.FileReader|Loading line 11/07/2014,Dan W,Sarah T,Misc Morale,5.05 from file C:\Training\SupportBank\Transactions2014.csv
2022-02-24 15:17:00.6014|INFO|SupportBank.FileReader|Loading line 14/07/2014,Gergana I,Sam N,Coffee,10.92 from file C:\Training\SupportBank\Transactions2014.csv
2022-02-24 15:17:00.6014|INFO|SupportBank.FileReader|Loading line 16/07/2014,Jon A,Dan W,Coffee,11.75 from file C:\Training\SupportBank\Transactions2014.csv
2022-02-24 15:17:00.6169|INFO|SupportBank.FileReader|Loading line 18/07/2014,Gergana I,Stephen S,Snooker Night,11.57 from file C:\Training\SupportBank\Transactions2014.csv
2022-02-24 15:17:00.6302|INFO|SupportBank.FileReader|Loading line 22/07/2014,Sarah T,Ben B,Coffee,11.56 from file C:\Training\SupportBank\Transactions2014.csv
2022-02-24 15:17:00.6459|INFO|SupportBank.FileReader|Loading line 23/07/2014,Rob S,Tim L,Lego Assistance,11.47 from file C:\Training\SupportBank\Transactions2014.csv
2022-02-24 15:17:00.6658|INFO|SupportBank.FileReader|Loading line 25/07/2014,Laura B,Stephen S,Poker Winnings,9.42 from file C:\Training\SupportBank\Transactions2014.csv
2022-02-24 15:17:00.6658|INFO|SupportBank.FileReader|Loading line 28/07/2014,Gergana I,Chris W,Pokemon Training,2.33 from file C:\Training\SupportBank\Transactions2014.csv
2022-02-24 15:17:00.6865|INFO|SupportBank.FileReader|Loading line 29/07/2014,Jon A,Sam N,Lunch,5.31 from file C:\Training\SupportBank\Transactions2014.csv
2022-02-24 15:17:00.6967|INFO|SupportBank.FileReader|Loading line 01/08/2014,Sam N,Gergana I,Coffee,2.72 from file C:\Training\SupportBank\Transactions2014.csv
2022-02-24 15:17:00.6967|INFO|SupportBank.FileReader|Loading line 03/08/2014,Laura B,Rob S,Rails Consultancy,6.26 from file C:\Training\SupportBank\Transactions2014.csv
2022-02-24 15:17:00.7161|INFO|SupportBank.FileReader|Loading line 04/08/2014,Gergana I,Ben B,Coffee,7.81 from file C:\Training\SupportBank\Transactions2014.csv
2022-02-24 15:17:00.7277|INFO|SupportBank.FileReader|Loading line 08/08/2014,Tim L,Laura B,Coffee,3.76 from file C:\Training\SupportBank\Transactions2014.csv
2022-02-24 15:17:00.7400|INFO|SupportBank.FileReader|Loading line 11/08/2014,Stephen S,Rob S,Lunch,8.91 from file C:\Training\SupportBank\Transactions2014.csv
2022-02-24 15:17:00.7400|INFO|SupportBank.FileReader|Loading line 13/08/2014,Sarah T,Todd,Beers,8.25 from file C:\Training\SupportBank\Transactions2014.csv
2022-02-24 15:17:00.7584|INFO|SupportBank.FileReader|Loading line 14/08/2014,Chris W,Tim L,Misc Morale,6.59 from file C:\Training\SupportBank\Transactions2014.csv
2022-02-24 15:17:00.7584|INFO|SupportBank.FileReader|Loading line 18/08/2014,Jon A,Tim L,Lego Assistance,7.22 from file C:\Training\SupportBank\Transactions2014.csv
2022-02-24 15:17:00.7885|INFO|SupportBank.FileReader|Loading line 21/08/2014,Ben B,Gergana I,Rails Consultancy,9.25 from file C:\Training\SupportBank\Transactions2014.csv
2022-02-24 15:17:00.7885|INFO|SupportBank.FileReader|Loading line 22/08/2014,Chris W,Sam N,Golf Bets,1.9 from file C:\Training\SupportBank\Transactions2014.csv
2022-02-24 15:17:00.8065|INFO|SupportBank.FileReader|Loading line 23/08/2014,Ben B,Stephen S,Lunch,5.02 from file C:\Training\SupportBank\Transactions2014.csv
2022-02-24 15:17:00.8167|INFO|SupportBank.FileReader|Loading line 24/08/2014,Laura B,Stephen S,Audit and Other Financial Services,7.45 from file C:\Training\SupportBank\Transactions2014.csv
2022-02-24 15:17:00.8459|INFO|SupportBank.FileReader|Loading line 25/08/2014,Gergana I,Stephen S,Beers,8.57 from file C:\Training\SupportBank\Transactions2014.csv
2022-02-24 15:17:00.8822|INFO|SupportBank.FileReader|Loading line 28/08/2014,Laura B,Tim L,Beers,0.57 from file C:\Training\SupportBank\Transactions2014.csv
2022-02-24 15:17:00.9785|INFO|SupportBank.FileReader|Loading line 29/08/2014,Ben B,Chris W,Lunch,1.66 from file C:\Training\SupportBank\Transactions2014.csv
2022-02-24 15:17:01.0379|INFO|SupportBank.FileReader|Loading line 01/09/2014,Sam N,Gergana I,Pokemon Training,9.41 from file C:\Training\SupportBank\Transactions2014.csv
2022-02-24 15:17:01.0379|INFO|SupportBank.FileReader|Loading line 03/09/2014,Jon A,Tim L,Lunch,8.13 from file C:\Training\SupportBank\Transactions2014.csv
2022-02-24 15:17:01.0379|INFO|SupportBank.FileReader|Loading line 06/09/2014,Dan W,Todd,Lunch,1.8 from file C:\Training\SupportBank\Transactions2014.csv
2022-02-24 15:17:01.0578|INFO|SupportBank.FileReader|Loading line 09/09/2014,Todd,Dan W,Audit and Other Financial Services,3.93 from file C:\Training\SupportBank\Transactions2014.csv
2022-02-24 15:17:01.0578|INFO|SupportBank.FileReader|Loading line 12/09/2014,Laura B,Jon A,Git-Fu Rendered,3.11 from file C:\Training\SupportBank\Transactions2014.csv
2022-02-24 15:17:01.0758|INFO|SupportBank.FileReader|Loading line 16/09/2014,Gergana I,Rob S,Golf Bets,1.28 from file C:\Training\SupportBank\Transactions2014.csv
2022-02-24 15:17:01.0823|INFO|SupportBank.FileReader|Loading line 20/09/2014,Jon A,Ben B,Beers,3.71 from file C:\Training\SupportBank\Transactions2014.csv
2022-02-24 15:17:01.0823|INFO|SupportBank.FileReader|Loading line 24/09/2014,Jon A,Laura B,Golf Bets,5.61 from file C:\Training\SupportBank\Transactions2014.csv
2022-02-24 15:17:01.0996|INFO|SupportBank.FileReader|Loading line 27/09/2014,Sarah T,Dan W,Beers,11.6 from file C:\Training\SupportBank\Transactions2014.csv
2022-02-24 15:17:01.0996|INFO|SupportBank.FileReader|Loading line 29/09/2014,Ben B,Tim L,Misc Morale,3.43 from file C:\Training\SupportBank\Transactions2014.csv
2022-02-24 15:17:01.1138|INFO|SupportBank.FileReader|Loading line 30/09/2014,Jon A,Dan W,Sandbox Help,9.26 from file C:\Training\SupportBank\Transactions2014.csv
2022-02-24 15:17:01.1290|INFO|SupportBank.FileReader|Loading line 04/10/2014,Ben B,Todd,Lunch,11.28 from file C:\Training\SupportBank\Transactions2014.csv
2022-02-24 15:17:01.1461|INFO|SupportBank.FileReader|Loading line 06/10/2014,Sarah T,Tim L,Spline Reticulation,7.44 from file C:\Training\SupportBank\Transactions2014.csv
2022-02-24 15:17:01.1787|INFO|SupportBank.FileReader|Loading line 10/10/2014,Ben B,Gergana I,Beers,3.98 from file C:\Training\SupportBank\Transactions2014.csv
2022-02-24 15:17:01.1988|INFO|SupportBank.FileReader|Loading line 14/10/2014,Ben B,Gergana I,Coffee,11.65 from file C:\Training\SupportBank\Transactions2014.csv
2022-02-24 15:17:01.2251|INFO|SupportBank.FileReader|Loading line 18/10/2014,Gergana I,Rob S,Jenkins Fees,5.47 from file C:\Training\SupportBank\Transactions2014.csv
2022-02-24 15:17:01.2770|INFO|SupportBank.FileReader|Loading line 19/10/2014,Dan W,Sam N,Automated Testing Services,8 from file C:\Training\SupportBank\Transactions2014.csv
2022-02-24 15:17:01.2922|INFO|SupportBank.FileReader|Loading line 22/10/2014,Dan W,Sam N,Beers,0.55 from file C:\Training\SupportBank\Transactions2014.csv
2022-02-24 15:17:01.3093|INFO|SupportBank.FileReader|Loading line 23/10/2014,Jon A,Dan W,Lunch,2.37 from file C:\Training\SupportBank\Transactions2014.csv
2022-02-24 15:17:01.3300|INFO|SupportBank.FileReader|Loading line 25/10/2014,Laura B,Todd,Beers,8.42 from file C:\Training\SupportBank\Transactions2014.csv
2022-02-24 15:17:01.3416|INFO|SupportBank.FileReader|Loading line 28/10/2014,Gergana I,Dan W,Misc Morale,5.04 from file C:\Training\SupportBank\Transactions2014.csv
2022-02-24 15:17:01.3667|INFO|SupportBank.FileReader|Loading line 29/10/2014,Dan W,Ben B,Rails Consultancy,5.87 from file C:\Training\SupportBank\Transactions2014.csv
2022-02-24 15:17:01.3880|INFO|SupportBank.FileReader|Loading line 30/10/2014,Chris W,Gergana I,Jenkins Fees,8.9 from file C:\Training\SupportBank\Transactions2014.csv
2022-02-24 15:17:01.3970|INFO|SupportBank.FileReader|Loading line 02/11/2014,Sarah T,Tim L,Lego Assistance,4.67 from file C:\Training\SupportBank\Transactions2014.csv
2022-02-24 15:17:01.3970|INFO|SupportBank.FileReader|Loading line 04/11/2014,Chris W,Rob S,Sandbox Help,6.15 from file C:\Training\SupportBank\Transactions2014.csv
2022-02-24 15:17:01.4299|INFO|SupportBank.FileReader|Loading line 07/11/2014,Rob S,Ben B,Rails Consultancy,3 from file C:\Training\SupportBank\Transactions2014.csv
2022-02-24 15:17:01.4299|INFO|SupportBank.FileReader|Loading line 09/11/2014,Sam N,Laura B,Beers,7.76 from file C:\Training\SupportBank\Transactions2014.csv
2022-02-24 15:17:01.4468|INFO|SupportBank.FileReader|Loading line 11/11/2014,Jon A,Ben B,Stationary Items,0.73 from file C:\Training\SupportBank\Transactions2014.csv
2022-02-24 15:17:01.4628|INFO|SupportBank.FileReader|Loading line 14/11/2014,Sam N,Dan W,Spline Reticulation,0.8 from file C:\Training\SupportBank\Transactions2014.csv
2022-02-24 15:17:01.4628|INFO|SupportBank.FileReader|Loading line 18/11/2014,Sam N,Chris W,Golf Bets,6.44 from file C:\Training\SupportBank\Transactions2014.csv
2022-02-24 15:17:01.5072|INFO|SupportBank.FileReader|Loading line 19/11/2014,Laura B,Jon A,Coffee,2.61 from file C:\Training\SupportBank\Transactions2014.csv
2022-02-24 15:17:01.5072|INFO|SupportBank.FileReader|Loading line 21/11/2014,Chris W,Todd,Lego Assistance,1.42 from file C:\Training\SupportBank\Transactions2014.csv
2022-02-24 15:17:01.5588|INFO|SupportBank.FileReader|Loading line 23/11/2014,Todd,Sarah T,Beers,2.24 from file C:\Training\SupportBank\Transactions2014.csv
2022-02-24 15:17:01.6314|INFO|SupportBank.FileReader|Loading line 25/11/2014,Chris W,Rob S,Pokemon Training,5.76 from file C:\Training\SupportBank\Transactions2014.csv
2022-02-24 15:17:01.6904|INFO|SupportBank.FileReader|Loading line 28/11/2014,Tim L,Dan W,Beers,8.76 from file C:\Training\SupportBank\Transactions2014.csv
2022-02-24 15:17:01.7090|INFO|SupportBank.FileReader|Loading line 02/12/2014,Jon A,Sam N,Pokemon Training,11.04 from file C:\Training\SupportBank\Transactions2014.csv
2022-02-24 15:17:01.7373|INFO|SupportBank.FileReader|Loading line 06/12/2014,Gergana I,Rob S,Lego Assistance,5.64 from file C:\Training\SupportBank\Transactions2014.csv
2022-02-24 15:17:01.7447|INFO|SupportBank.FileReader|Loading line 09/12/2014,Jon A,Chris W,Pokemon Training,2.26 from file C:\Training\SupportBank\Transactions2014.csv
2022-02-24 15:17:01.7767|INFO|SupportBank.FileReader|Loading line 12/12/2014,Dan W,Tim L,Coffee,4.5 from file C:\Training\SupportBank\Transactions2014.csv
2022-02-24 15:17:01.8092|INFO|SupportBank.FileReader|Loading line 14/12/2014,Gergana I,Laura B,Lunch,4.26 from file C:\Training\SupportBank\Transactions2014.csv
2022-02-24 15:17:01.8270|INFO|SupportBank.FileReader|Loading line 16/12/2014,Todd,Tim L,Poker Winnings,7.17 from file C:\Training\SupportBank\Transactions2014.csv
2022-02-24 15:17:01.8383|INFO|SupportBank.FileReader|Loading line 18/12/2014,Chris W,Ben B,Coffee,11.17 from file C:\Training\SupportBank\Transactions2014.csv
2022-02-24 15:17:01.8574|INFO|SupportBank.FileReader|Loading line 20/12/2014,Rob S,Gergana I,Lunch,1.07 from file C:\Training\SupportBank\Transactions2014.csv
2022-02-24 15:17:01.8669|INFO|SupportBank.FileReader|Loading line 21/12/2014,Gergana I,Laura B,Pokemon Training,6.86 from file C:\Training\SupportBank\Transactions2014.csv
2022-02-24 15:17:01.9053|INFO|SupportBank.FileReader|Loading line 22/12/2014,Dan W,Jon A,Lunch,3.66 from file C:\Training\SupportBank\Transactions2014.csv
2022-02-24 15:17:01.9153|INFO|SupportBank.FileReader|Loading line 25/12/2014,Todd,Rob S,Lego Assistance,1.86 from file C:\Training\SupportBank\Transactions2014.csv
2022-02-24 15:17:01.9482|INFO|SupportBank.FileReader|Loading line 28/12/2014,Ben B,Laura B,Coffee,1.44 from file C:\Training\SupportBank\Transactions2014.csv
2022-02-24 15:17:01.9584|INFO|SupportBank.FileReader|Loading line 29/12/2014,Ben B,Sam N,Coffee,5.26 from file C:\Training\SupportBank\Transactions2014.csv
